Processing unknown file type: /home/stconrad/verinfast/verinfast/temp_repo/.htaccess
/home/stconrad/verinfast/verinfast/temp_repo/web.config
/home/stconrad/verinfast/verinfast/temp_repo/.gitignore
/home/stconrad/verinfast/verinfast/temp_repo/docker-compose.yml
/home/stconrad/verinfast/verinfast/temp_repo/README.md
/home/stconrad/verinfast/verinfast/temp_repo/robots.txt
/home/stconrad/verinfast/verinfast/temp_repo/mix-manifest.json
/home/stconrad/verinfast/verinfast/temp_repo/favicon.ico
/home/stconrad/verinfast/verinfast/temp_repo/Makefile
/home/stconrad/verinfast/verinfast/temp_repo/index.php
/home/stconrad/verinfast/verinfast/temp_repo/docker/apache-php/000-default.conf
/home/stconrad/verinfast/verinfast/temp_repo/docker/apache-php/default-ssl.conf
/home/stconrad/verinfast/verinfast/temp_repo/docker/apache-php/Dockerfile
/home/stconrad/verinfast/verinfast/temp_repo/docker/apache-php/php.ini
/home/stconrad/verinfast/verinfast/temp_repo/docker/apache-php/certs/pap.localhost.key
/home/stconrad/verinfast/verinfast/temp_repo/docker/apache-php/certs/pap.localhost.crt
/home/stconrad/verinfast/verinfast/temp_repo/docker/db-init/01-databases.sql
/home/stconrad/verinfast/verinfast/temp_repo/docker/nginx-proxy/my-proxy.conf
/home/stconrad/verinfast/verinfast/temp_repo/laravel/package-lock.json
/home/stconrad/verinfast/verinfast/temp_repo/laravel/.htaccess
/home/stconrad/verinfast/verinfast/temp_repo/laravel/.editorconfig
/home/stconrad/verinfast/verinfast/temp_repo/laravel/composer.json
/home/stconrad/verinfast/verinfast/temp_repo/laravel/.gitignore
/home/stconrad/verinfast/verinfast/temp_repo/laravel/package.json
/home/stconrad/verinfast/verinfast/temp_repo/laravel/.env.example
/home/stconrad/verinfast/verinfast/temp_repo/laravel/README.md
/home/stconrad/verinfast/verinfast/temp_repo/laravel/.gitattributes
/home/stconrad/verinfast/verinfast/temp_repo/laravel/tailwind.config.js
/home/stconrad/verinfast/verinfast/temp_repo/laravel/composer.lock
/home/stconrad/verinfast/verinfast/temp_repo/laravel/artisan
/home/stconrad/verinfast/verinfast/temp_repo/laravel/phpunit.xml
/home/stconrad/verinfast/verinfast/temp_repo/laravel/server.php
/home/stconrad/verinfast/verinfast/temp_repo/laravel/webpack.mix.js
/home/stconrad/verinfast/verinfast/temp_repo/laravel/.styleci.yml
/home/stconrad/verinfast/verinfast/temp_repo/laravel/routes/console.php
/home/stconrad/verinfast/verinfast/temp_repo/laravel/routes/auth.php
/home/stconrad/verinfast/verinfast/temp_repo/laravel/routes/app.php
/home/stconrad/verinfast/verinfast/temp_repo/laravel/routes/channels.php
/home/stconrad/verinfast/verinfast/temp_repo/laravel/routes/api.php
/home/stconrad/verinfast/verinfast/temp_repo/laravel/routes/web.php
/home/stconrad/verinfast/verinfast/temp_repo/laravel/storage/framework/.gitignore
/home/stconrad/verinfast/verinfast/temp_repo/laravel/storage/framework/views/.gitignore
/home/stconrad/verinfast/verinfast/temp_repo/laravel/storage/framework/cache/.gitignore
/home/stconrad/verinfast/verinfast/temp_repo/laravel/storage/framework/cache/data/.gitignore
/home/stconrad/verinfast/verinfast/temp_repo/laravel/storage/framework/testing/.gitignore
/home/stconrad/verinfast/verinfast/temp_repo/laravel/storage/framework/sessions/.gitignore
/home/stconrad/verinfast/verinfast/temp_repo/laravel/storage/app/.gitignore
/home/stconrad/verinfast/verinfast/temp_repo/laravel/storage/app/public/.gitignore
/home/stconrad/verinfast/verinfast/temp_repo/laravel/storage/logs/.gitignore
/home/stconrad/verinfast/verinfast/temp_repo/laravel/bootstrap/app.php
/home/stconrad/verinfast/verinfast/temp_repo/laravel/bootstrap/cache/.gitignore
/home/stconrad/verinfast/verinfast/temp_repo/laravel/database/.gitignore
/home/stconrad/verinfast/verinfast/temp_repo/laravel/database/factories/UserFactory.php
/home/stconrad/verinfast/verinfast/temp_repo/laravel/database/seeders/DatabaseSeeder.php
/home/stconrad/verinfast/verinfast/temp_repo/laravel/database/migrations/2021_07_27_141452_create_media_files_table.php
/home/stconrad/verinfast/verinfast/temp_repo/laravel/database/migrations/2021_06_09_131656_create_user_devices_table.php
/home/stconrad/verinfast/verinfast/temp_repo/laravel/database/migrations/2021_07_30_132516_media_item_album_view.php
/home/stconrad/verinfast/verinfast/temp_repo/laravel/database/migrations/2021_03_10_130043_create_sessions_table.php
/home/stconrad/verinfast/verinfast/temp_repo/laravel/database/migrations/2021_12_16_164107_add_media_file_id_to_media_items_info.php
/home/stconrad/verinfast/verinfast/temp_repo/laravel/database/migrations/2022_01_04_104936_add_username_and_avatar_to_external_accounts_table.php
/home/stconrad/verinfast/verinfast/temp_repo/laravel/database/migrations/2021_07_28_075128_create_media_item_infos_table.php
/home/stconrad/verinfast/verinfast/temp_repo/laravel/database/migrations/2021_07_30_094618_album_view.php
/home/stconrad/verinfast/verinfast/temp_repo/laravel/database/migrations/2019_12_14_000001_create_personal_access_tokens_table.php
/home/stconrad/verinfast/verinfast/temp_repo/laravel/database/migrations/2022_01_17_092526_create_user_groups_table.php
/home/stconrad/verinfast/verinfast/temp_repo/laravel/database/migrations/2021_06_08_133253_create_user_external_accounts_table.php
/home/stconrad/verinfast/verinfast/temp_repo/laravel/database/migrations/2022_02_16_122120_add_sync_cutoff_changed_flag_to_external_accounts.php
/home/stconrad/verinfast/verinfast/temp_repo/laravel/database/migrations/2014_10_12_000000_create_users_table.php
/home/stconrad/verinfast/verinfast/temp_repo/laravel/database/migrations/2019_08_19_000000_create_failed_jobs_table.php
/home/stconrad/verinfast/verinfast/temp_repo/laravel/database/migrations/2021_08_04_080921_create_moments_table.php
/home/stconrad/verinfast/verinfast/temp_repo/laravel/database/migrations/2021_06_19_114105_create_user_flickr_oauth_storages_table.php
/home/stconrad/verinfast/verinfast/temp_repo/laravel/database/migrations/2021_12_29_160349_create_pending_uploads_table.php
/home/stconrad/verinfast/verinfast/temp_repo/laravel/database/migrations/2021_07_27_130816_create_media_items_table.php
/home/stconrad/verinfast/verinfast/temp_repo/laravel/database/migrations/2021_12_18_112936_add_owner_id_to_media_files.php
/home/stconrad/verinfast/verinfast/temp_repo/laravel/database/migrations/2021_07_28_073634_create_media_file_origins_table.php
/home/stconrad/verinfast/verinfast/temp_repo/laravel/database/migrations/2022_02_03_095541_add_sync_cutoff_date_to_user.php
/home/stconrad/verinfast/verinfast/temp_repo/laravel/database/migrations/2014_10_12_100000_create_password_resets_table.php
/home/stconrad/verinfast/verinfast/temp_repo/laravel/database/migrations/2022_01_17_094106_create_user_group_members_table.php
/home/stconrad/verinfast/verinfast/temp_repo/laravel/tests/TestCase.php
/home/stconrad/verinfast/verinfast/temp_repo/laravel/tests/CreatesApplication.php
/home/stconrad/verinfast/verinfast/temp_repo/laravel/tests/Feature/PasswordConfirmationTest.php
/home/stconrad/verinfast/verinfast/temp_repo/laravel/tests/Feature/EmailVerificationTest.php
/home/stconrad/verinfast/verinfast/temp_repo/laravel/tests/Feature/ExampleTest.php
/home/stconrad/verinfast/verinfast/temp_repo/laravel/tests/Feature/RegistrationTest.php
/home/stconrad/verinfast/verinfast/temp_repo/laravel/tests/Feature/PasswordResetTest.php
/home/stconrad/verinfast/verinfast/temp_repo/laravel/tests/Feature/AuthenticationTest.php
/home/stconrad/verinfast/verinfast/temp_repo/laravel/tests/Unit/ExampleTest.php
/home/stconrad/verinfast/verinfast/temp_repo/laravel/config/view.php
/home/stconrad/verinfast/verinfast/temp_repo/laravel/config/scribe.php
/home/stconrad/verinfast/verinfast/temp_repo/laravel/config/filesystems.php
/home/stconrad/verinfast/verinfast/temp_repo/laravel/config/auth.php
/home/stconrad/verinfast/verinfast/temp_repo/laravel/config/image.php
/home/stconrad/verinfast/verinfast/temp_repo/laravel/config/mail.php
/home/stconrad/verinfast/verinfast/temp_repo/laravel/config/app.php
/home/stconrad/verinfast/verinfast/temp_repo/laravel/config/broadcasting.php
/home/stconrad/verinfast/verinfast/temp_repo/laravel/config/hashing.php
/home/stconrad/verinfast/verinfast/temp_repo/laravel/config/mediaSources.php
/home/stconrad/verinfast/verinfast/temp_repo/laravel/config/cors.php
/home/stconrad/verinfast/verinfast/temp_repo/laravel/config/externalServices.php
/home/stconrad/verinfast/verinfast/temp_repo/laravel/config/database.php
/home/stconrad/verinfast/verinfast/temp_repo/laravel/config/session.php
/home/stconrad/verinfast/verinfast/temp_repo/laravel/config/queue.php
/home/stconrad/verinfast/verinfast/temp_repo/laravel/config/logging.php
/home/stconrad/verinfast/verinfast/temp_repo/laravel/config/cache.php
/home/stconrad/verinfast/verinfast/temp_repo/laravel/config/services.php
/home/stconrad/verinfast/verinfast/temp_repo/laravel/config/sanctum.php
/home/stconrad/verinfast/verinfast/temp_repo/laravel/config/thumbnail.php
/home/stconrad/verinfast/verinfast/temp_repo/laravel/app/Services/Instagram/MediaItem.php
/home/stconrad/verinfast/verinfast/temp_repo/laravel/app/Services/Instagram/MediaSource.php
/home/stconrad/verinfast/verinfast/temp_repo/laravel/app/Services/Instagram/InstagramServiceProvider.php
/home/stconrad/verinfast/verinfast/temp_repo/laravel/app/Services/Instagram/MediaItemIterator.php
/home/stconrad/verinfast/verinfast/temp_repo/laravel/app/Services/Instagram/Account.php
/home/stconrad/verinfast/verinfast/temp_repo/laravel/app/Services/Instagram/routes/app.php
/home/stconrad/verinfast/verinfast/temp_repo/laravel/app/Services/Instagram/routes/web.php
/home/stconrad/verinfast/verinfast/temp_repo/laravel/app/Services/Instagram/Traits/HasInstagramAccount.php
/home/stconrad/verinfast/verinfast/temp_repo/laravel/app/Services/Instagram/Traits/HasInstagramAccountRelationship.php
/home/stconrad/verinfast/verinfast/temp_repo/laravel/app/Services/Instagram/Controllers/AuthController.php
/home/stconrad/verinfast/verinfast/temp_repo/laravel/app/Services/Instagram/Controllers/AppAuthController.php
/home/stconrad/verinfast/verinfast/temp_repo/laravel/app/Services/Flickr/MediaItem.php
/home/stconrad/verinfast/verinfast/temp_repo/laravel/app/Services/Flickr/FlickrServiceProvider.php
/home/stconrad/verinfast/verinfast/temp_repo/laravel/app/Services/Flickr/MediaSource.php
/home/stconrad/verinfast/verinfast/temp_repo/laravel/app/Services/Flickr/MediaItemIterator.php
/home/stconrad/verinfast/verinfast/temp_repo/laravel/app/Services/Flickr/Account.php
/home/stconrad/verinfast/verinfast/temp_repo/laravel/app/Services/Flickr/FlickrAuth.php
/home/stconrad/verinfast/verinfast/temp_repo/laravel/app/Services/Flickr/FlickrTokenStorage.php
/home/stconrad/verinfast/verinfast/temp_repo/laravel/app/Services/Flickr/routes/app.php
/home/stconrad/verinfast/verinfast/temp_repo/laravel/app/Services/Flickr/routes/web.php
/home/stconrad/verinfast/verinfast/temp_repo/laravel/app/Services/Flickr/Traits/HasFlickrAccount.php
/home/stconrad/verinfast/verinfast/temp_repo/laravel/app/Services/Flickr/Traits/HasFlickrAccountRelationship.php
/home/stconrad/verinfast/verinfast/temp_repo/laravel/app/Services/Flickr/Models/UserFlickrOauthStorage.php
/home/stconrad/verinfast/verinfast/temp_repo/laravel/app/Services/Flickr/Controllers/AuthController.php
/home/stconrad/verinfast/verinfast/temp_repo/laravel/app/Services/Flickr/Controllers/AppAuthController.php
/home/stconrad/verinfast/verinfast/temp_repo/laravel/app/Services/EncryptedStorage/EncryptedStorageServiceProvider.php
/home/stconrad/verinfast/verinfast/temp_repo/laravel/app/Services/EncryptedStorage/EncryptedStorageAdapter.php
/home/stconrad/verinfast/verinfast/temp_repo/laravel/app/Services/Moment/MomentHandler.php
/home/stconrad/verinfast/verinfast/temp_repo/laravel/app/Services/Google/MediaItem.php
/home/stconrad/verinfast/verinfast/temp_repo/laravel/app/Services/Google/MediaSource.php
/home/stconrad/verinfast/verinfast/temp_repo/laravel/app/Services/Google/MediaItemIterator.php
/home/stconrad/verinfast/verinfast/temp_repo/laravel/app/Services/Google/ApiScope.php
/home/stconrad/verinfast/verinfast/temp_repo/laravel/app/Services/Google/Account.php
/home/stconrad/verinfast/verinfast/temp_repo/laravel/app/Services/Google/GoogleServiceProvider.php
/home/stconrad/verinfast/verinfast/temp_repo/laravel/app/Services/Google/routes/api.php
/home/stconrad/verinfast/verinfast/temp_repo/laravel/app/Services/Google/routes/web.php
/home/stconrad/verinfast/verinfast/temp_repo/laravel/app/Services/Google/Traits/HasGoogleAccountRelationship.php
/home/stconrad/verinfast/verinfast/temp_repo/laravel/app/Services/Google/Traits/CanFindUserWithGoogleAccount.php
/home/stconrad/verinfast/verinfast/temp_repo/laravel/app/Services/Google/Traits/HasGoogleAccount.php
/home/stconrad/verinfast/verinfast/temp_repo/laravel/app/Services/Google/Controllers/AuthController.php
/home/stconrad/verinfast/verinfast/temp_repo/laravel/app/Services/Google/Controllers/ApiAuthController.php
/home/stconrad/verinfast/verinfast/temp_repo/laravel/app/Services/Videos/Preview.php
/home/stconrad/verinfast/verinfast/temp_repo/laravel/app/Services/Videos/VideoInfo.php
/home/stconrad/verinfast/verinfast/temp_repo/laravel/app/Services/Videos/UploadedVideo.php
/home/stconrad/verinfast/verinfast/temp_repo/laravel/app/Services/Facebook/MediaItem.php
/home/stconrad/verinfast/verinfast/temp_repo/laravel/app/Services/Facebook/MediaSource.php
/home/stconrad/verinfast/verinfast/temp_repo/laravel/app/Services/Facebook/Credentials.php
/home/stconrad/verinfast/verinfast/temp_repo/laravel/app/Services/Facebook/MediaItemIterator.php
/home/stconrad/verinfast/verinfast/temp_repo/laravel/app/Services/Facebook/Account.php
/home/stconrad/verinfast/verinfast/temp_repo/laravel/app/Services/Facebook/FacebookFactory.php
/home/stconrad/verinfast/verinfast/temp_repo/laravel/app/Services/Facebook/FacebookServiceProvider.php
/home/stconrad/verinfast/verinfast/temp_repo/laravel/app/Services/Facebook/HttpMiddleware/EnsureAccountNotInUse.php
/home/stconrad/verinfast/verinfast/temp_repo/laravel/app/Services/Facebook/HttpMiddleware/EnsureAuthenticatedWithJsSDK.php
/home/stconrad/verinfast/verinfast/temp_repo/laravel/app/Services/Facebook/routes/api.php
/home/stconrad/verinfast/verinfast/temp_repo/laravel/app/Services/Facebook/routes/web.php
/home/stconrad/verinfast/verinfast/temp_repo/laravel/app/Services/Facebook/Traits/HasFacebookAccount.php
/home/stconrad/verinfast/verinfast/temp_repo/laravel/app/Services/Facebook/Traits/HasFacebookAccountRelationship.php
/home/stconrad/verinfast/verinfast/temp_repo/laravel/app/Services/Facebook/Traits/CanFindUserWithFacebookUser.php
/home/stconrad/verinfast/verinfast/temp_repo/laravel/app/Services/Facebook/Controllers/AuthController.php
/home/stconrad/verinfast/verinfast/temp_repo/laravel/app/Services/Facebook/Controllers/ApiAuthController.php
/home/stconrad/verinfast/verinfast/temp_repo/laravel/app/Services/Apple/routes/api.php
/home/stconrad/verinfast/verinfast/temp_repo/laravel/app/Services/Apple/Traits/CanFindUserWithAppleUser.php
/home/stconrad/verinfast/verinfast/temp_repo/laravel/app/Services/Apple/Traits/HasAppleAccount.php
/home/stconrad/verinfast/verinfast/temp_repo/laravel/app/Services/Apple/Controllers/ApiAuthController.php
/home/stconrad/verinfast/verinfast/temp_repo/laravel/app/Services/ExternalServices/ExternalAccountInfo.php
/home/stconrad/verinfast/verinfast/temp_repo/laravel/app/Services/ExternalServices/Comment.php
/home/stconrad/verinfast/verinfast/temp_repo/laravel/app/Services/ExternalServices/MediaSource.php
/home/stconrad/verinfast/verinfast/temp_repo/laravel/app/Services/ExternalServices/ExternalMediaItem.php
/home/stconrad/verinfast/verinfast/temp_repo/laravel/app/Services/ExternalServices/MediaSourcesManager.php
/home/stconrad/verinfast/verinfast/temp_repo/laravel/app/Services/Images/Preview.php
/home/stconrad/verinfast/verinfast/temp_repo/laravel/app/Services/Images/Perception.php
/home/stconrad/verinfast/verinfast/temp_repo/laravel/app/Services/Images/UploadedImage.php
/home/stconrad/verinfast/verinfast/temp_repo/laravel/app/Services/Images/ImageInfo.php
/home/stconrad/verinfast/verinfast/temp_repo/laravel/app/Services/MediaFile/PreviewFactory.php
/home/stconrad/verinfast/verinfast/temp_repo/laravel/app/Services/MediaFile/Preview.php
/home/stconrad/verinfast/verinfast/temp_repo/laravel/app/Services/MediaFile/StorageFile.php
/home/stconrad/verinfast/verinfast/temp_repo/laravel/app/Services/MediaFile/Upload/UploadHandler.php
/home/stconrad/verinfast/verinfast/temp_repo/laravel/app/Services/MediaFile/Upload/PostUploadHandler.php
/home/stconrad/verinfast/verinfast/temp_repo/laravel/app/Services/MediaFile/Upload/UploadedMediaFileFactory.php
/home/stconrad/verinfast/verinfast/temp_repo/laravel/app/Services/MediaFile/Upload/UploadedMediaFile.php
/home/stconrad/verinfast/verinfast/temp_repo/laravel/app/Services/MediaFile/Info/FileInfoFactory.php
/home/stconrad/verinfast/verinfast/temp_repo/laravel/app/Services/MediaFile/Info/DataItem.php
/home/stconrad/verinfast/verinfast/temp_repo/laravel/app/Services/MediaFile/Info/FileInfo.php
/home/stconrad/verinfast/verinfast/temp_repo/laravel/app/Services/User/Avatar.php
/home/stconrad/verinfast/verinfast/temp_repo/laravel/app/View/Components/AppLayout.php
/home/stconrad/verinfast/verinfast/temp_repo/laravel/app/View/Components/GuestLayout.php
/home/stconrad/verinfast/verinfast/temp_repo/laravel/app/Listeners/StoreOriginalFileSize.php
/home/stconrad/verinfast/verinfast/temp_repo/laravel/app/Listeners/DeletePendingUploadRecord.php
/home/stconrad/verinfast/verinfast/temp_repo/laravel/app/Listeners/DetectUserDevice.php
/home/stconrad/verinfast/verinfast/temp_repo/laravel/app/Listeners/CreatePendingUploadRecord.php
/home/stconrad/verinfast/verinfast/temp_repo/laravel/app/Listeners/StorePreviewFileSize.php
/home/stconrad/verinfast/verinfast/temp_repo/laravel/app/Providers/EventServiceProvider.php
/home/stconrad/verinfast/verinfast/temp_repo/laravel/app/Providers/AuthServiceProvider.php
/home/stconrad/verinfast/verinfast/temp_repo/laravel/app/Providers/AppServiceProvider.php
/home/stconrad/verinfast/verinfast/temp_repo/laravel/app/Providers/BroadcastServiceProvider.php
/home/stconrad/verinfast/verinfast/temp_repo/laravel/app/Providers/RouteServiceProvider.php
/home/stconrad/verinfast/verinfast/temp_repo/laravel/app/Console/Kernel.php
/home/stconrad/verinfast/verinfast/temp_repo/laravel/app/Console/Commands/InspectExif.php
/home/stconrad/verinfast/verinfast/temp_repo/laravel/app/Console/Commands/RegenerateSelectedMoments.php
/home/stconrad/verinfast/verinfast/temp_repo/laravel/app/Console/Commands/RegenerateAllUserMoments.php
/home/stconrad/verinfast/verinfast/temp_repo/laravel/app/Console/Commands/InspectMoment.php
/home/stconrad/verinfast/verinfast/temp_repo/laravel/app/Console/Commands/SyncExternalSources.php
/home/stconrad/verinfast/verinfast/temp_repo/laravel/app/Console/Commands/FixMissingExif.php
/home/stconrad/verinfast/verinfast/temp_repo/laravel/app/Events/ProcessingNewUpload.php
/home/stconrad/verinfast/verinfast/temp_repo/laravel/app/Events/UploadProcessingCompleted.php
/home/stconrad/verinfast/verinfast/temp_repo/laravel/app/Events/DeviceConnected.php
/home/stconrad/verinfast/verinfast/temp_repo/laravel/app/Events/PreviewCreated.php
/home/stconrad/verinfast/verinfast/temp_repo/laravel/app/Exceptions/Handler.php
/home/stconrad/verinfast/verinfast/temp_repo/laravel/app/Http/Kernel.php
/home/stconrad/verinfast/verinfast/temp_repo/laravel/app/Http/Middleware/TrimStrings.php
/home/stconrad/verinfast/verinfast/temp_repo/laravel/app/Http/Middleware/Authenticate.php
/home/stconrad/verinfast/verinfast/temp_repo/laravel/app/Http/Middleware/RedirectIfAuthenticated.php
/home/stconrad/verinfast/verinfast/temp_repo/laravel/app/Http/Middleware/VerifyCsrfToken.php
/home/stconrad/verinfast/verinfast/temp_repo/laravel/app/Http/Middleware/PreventRequestsDuringMaintenance.php
/home/stconrad/verinfast/verinfast/temp_repo/laravel/app/Http/Middleware/TrustProxies.php
/home/stconrad/verinfast/verinfast/temp_repo/laravel/app/Http/Middleware/EncryptCookies.php
/home/stconrad/verinfast/verinfast/temp_repo/laravel/app/Http/Middleware/TrustHosts.php
/home/stconrad/verinfast/verinfast/temp_repo/laravel/app/Http/Middleware/ExternalAccounts/EnsureNotConnected.php
/home/stconrad/verinfast/verinfast/temp_repo/laravel/app/Http/Controllers/Dashboard.php
/home/stconrad/verinfast/verinfast/temp_repo/laravel/app/Http/Controllers/Settings.php
/home/stconrad/verinfast/verinfast/temp_repo/laravel/app/Http/Controllers/Controller.php
/home/stconrad/verinfast/verinfast/temp_repo/laravel/app/Http/Controllers/ImageController.php
/home/stconrad/verinfast/verinfast/temp_repo/laravel/app/Http/Controllers/Auth/RegisteredUserController.php
/home/stconrad/verinfast/verinfast/temp_repo/laravel/app/Http/Controllers/Auth/AuthenticatedSessionController.php
/home/stconrad/verinfast/verinfast/temp_repo/laravel/app/Http/Controllers/Auth/ConfirmablePasswordController.php
/home/stconrad/verinfast/verinfast/temp_repo/laravel/app/Http/Controllers/Auth/EmailVerificationNotificationController.php
/home/stconrad/verinfast/verinfast/temp_repo/laravel/app/Http/Controllers/Auth/EmailVerificationPromptController.php
/home/stconrad/verinfast/verinfast/temp_repo/laravel/app/Http/Controllers/Auth/NewPasswordController.php
/home/stconrad/verinfast/verinfast/temp_repo/laravel/app/Http/Controllers/Auth/PasswordResetLinkController.php
/home/stconrad/verinfast/verinfast/temp_repo/laravel/app/Http/Controllers/Auth/VerifyEmailController.php
/home/stconrad/verinfast/verinfast/temp_repo/laravel/app/Http/Controllers/Api/SourcesController.php
/home/stconrad/verinfast/verinfast/temp_repo/laravel/app/Http/Controllers/Api/MomentsController.php
/home/stconrad/verinfast/verinfast/temp_repo/laravel/app/Http/Controllers/Api/AuthenticationController.php
/home/stconrad/verinfast/verinfast/temp_repo/laravel/app/Http/Controllers/Api/UserAccountController.php
/home/stconrad/verinfast/verinfast/temp_repo/laravel/app/Http/Controllers/Api/MediaItemController.php
/home/stconrad/verinfast/verinfast/temp_repo/laravel/app/Http/Controllers/Api/GalleryController.php
/home/stconrad/verinfast/verinfast/temp_repo/laravel/app/Http/Controllers/Api/SyncController.php
/home/stconrad/verinfast/verinfast/temp_repo/laravel/app/Http/Controllers/Api/DevicesController.php
/home/stconrad/verinfast/verinfast/temp_repo/laravel/app/Http/Controllers/Api/UserGroupsController.php
/home/stconrad/verinfast/verinfast/temp_repo/laravel/app/Http/Requests/UploadRequest.php
/home/stconrad/verinfast/verinfast/temp_repo/laravel/app/Http/Requests/Auth/LoginRequest.php
/home/stconrad/verinfast/verinfast/temp_repo/laravel/app/Http/Requests/Api/GalleryItemsRequest.php
/home/stconrad/verinfast/verinfast/temp_repo/laravel/app/Http/Resources/AlbumResource.php
/home/stconrad/verinfast/verinfast/temp_repo/laravel/app/Http/Resources/DeviceResource.php
/home/stconrad/verinfast/verinfast/temp_repo/laravel/app/Http/Resources/UserGroupMemberResource.php
/home/stconrad/verinfast/verinfast/temp_repo/laravel/app/Http/Resources/UserGroupResource.php
/home/stconrad/verinfast/verinfast/temp_repo/laravel/app/Http/Resources/MediaItemResource.php
/home/stconrad/verinfast/verinfast/temp_repo/laravel/app/Http/Responses/ApiAuthResponse.php
/home/stconrad/verinfast/verinfast/temp_repo/laravel/app/Models/MediaFile.php
/home/stconrad/verinfast/verinfast/temp_repo/laravel/app/Models/MediaItem.php
/home/stconrad/verinfast/verinfast/temp_repo/laravel/app/Models/MediaFileOrigin.php
/home/stconrad/verinfast/verinfast/temp_repo/laravel/app/Models/Moment.php
/home/stconrad/verinfast/verinfast/temp_repo/laravel/app/Models/UserGroup.php
/home/stconrad/verinfast/verinfast/temp_repo/laravel/app/Models/UserDevice.php
/home/stconrad/verinfast/verinfast/temp_repo/laravel/app/Models/MediaItemInfo.php
/home/stconrad/verinfast/verinfast/temp_repo/laravel/app/Models/User.php
/home/stconrad/verinfast/verinfast/temp_repo/laravel/app/Models/AlbumView.php
/home/stconrad/verinfast/verinfast/temp_repo/laravel/app/Models/PendingUpload.php
/home/stconrad/verinfast/verinfast/temp_repo/laravel/app/Models/UserExternalAccount.php
/home/stconrad/verinfast/verinfast/temp_repo/laravel/app/Jobs/GeneratePreviewForNewMediaItem.php
/home/stconrad/verinfast/verinfast/temp_repo/laravel/app/Jobs/GenerateMediaItemPreview.php
/home/stconrad/verinfast/verinfast/temp_repo/laravel/app/Jobs/FindMediaItem.php
/home/stconrad/verinfast/verinfast/temp_repo/laravel/app/Jobs/SyncExternalMediaItem.php
/home/stconrad/verinfast/verinfast/temp_repo/laravel/app/Jobs/AssignMomentToMediaItem.php
/home/stconrad/verinfast/verinfast/temp_repo/laravel/app/Jobs/AutosortMoment.php
/home/stconrad/verinfast/verinfast/temp_repo/laravel/resources/views/settings.blade.php
/home/stconrad/verinfast/verinfast/temp_repo/laravel/resources/views/dashboard.blade.php
/home/stconrad/verinfast/verinfast/temp_repo/laravel/resources/views/distances.blade.php
/home/stconrad/verinfast/verinfast/temp_repo/laravel/resources/views/moments.blade.php
/home/stconrad/verinfast/verinfast/temp_repo/laravel/resources/views/auth/login.blade.php
/home/stconrad/verinfast/verinfast/temp_repo/laravel/resources/views/auth/verify-email.blade.php
/home/stconrad/verinfast/verinfast/temp_repo/laravel/resources/views/auth/confirm-password.blade.php
/home/stconrad/verinfast/verinfast/temp_repo/laravel/resources/views/auth/reset-password.blade.php
/home/stconrad/verinfast/verinfast/temp_repo/laravel/resources/views/auth/forgot-password.blade.php
/home/stconrad/verinfast/verinfast/temp_repo/laravel/resources/views/auth/register.blade.php
/home/stconrad/verinfast/verinfast/temp_repo/laravel/resources/views/layouts/guest.blade.php
/home/stconrad/verinfast/verinfast/temp_repo/laravel/resources/views/layouts/navigation.blade.php
/home/stconrad/verinfast/verinfast/temp_repo/laravel/resources/views/layouts/app.blade.php
/home/stconrad/verinfast/verinfast/temp_repo/laravel/resources/views/components/auth-card.blade.php
/home/stconrad/verinfast/verinfast/temp_repo/laravel/resources/views/components/auth-session-status.blade.php
/home/stconrad/verinfast/verinfast/temp_repo/laravel/resources/views/components/auth-validation-errors.blade.php
/home/stconrad/verinfast/verinfast/temp_repo/laravel/resources/views/components/application-logo.blade.php
/home/stconrad/verinfast/verinfast/temp_repo/laravel/resources/views/components/button.blade.php
/home/stconrad/verinfast/verinfast/temp_repo/laravel/resources/views/components/label.blade.php
/home/stconrad/verinfast/verinfast/temp_repo/laravel/resources/views/components/dropdown-link.blade.php
/home/stconrad/verinfast/verinfast/temp_repo/laravel/resources/views/components/dropdown.blade.php
/home/stconrad/verinfast/verinfast/temp_repo/laravel/resources/views/components/input.blade.php
/home/stconrad/verinfast/verinfast/temp_repo/laravel/resources/views/components/nav-link.blade.php
/home/stconrad/verinfast/verinfast/temp_repo/laravel/resources/views/components/user-image.blade.php
/home/stconrad/verinfast/verinfast/temp_repo/laravel/resources/views/components/button-link.blade.php
/home/stconrad/verinfast/verinfast/temp_repo/laravel/resources/views/components/responsive-nav-link.blade.php
/home/stconrad/verinfast/verinfast/temp_repo/laravel/resources/views/components/settings/google-account.blade.php
/home/stconrad/verinfast/verinfast/temp_repo/laravel/resources/views/components/settings/instagram-account.blade.php
/home/stconrad/verinfast/verinfast/temp_repo/laravel/resources/views/components/settings/facebook-account.blade.php
/home/stconrad/verinfast/verinfast/temp_repo/laravel/resources/views/components/settings/flickr-account.blade.php
/home/stconrad/verinfast/verinfast/temp_repo/laravel/resources/lang/en/pagination.php
/home/stconrad/verinfast/verinfast/temp_repo/laravel/resources/lang/en/passwords.php
/home/stconrad/verinfast/verinfast/temp_repo/laravel/resources/lang/en/auth.php
/home/stconrad/verinfast/verinfast/temp_repo/laravel/resources/lang/en/validation.php
/home/stconrad/verinfast/verinfast/temp_repo/laravel/resources/css/dropzone-overwrites.css
/home/stconrad/verinfast/verinfast/temp_repo/laravel/resources/css/app.css
/home/stconrad/verinfast/verinfast/temp_repo/laravel/resources/js/app.js
/home/stconrad/verinfast/verinfast/temp_repo/laravel/resources/js/bootstrap.js
/home/stconrad/verinfast/verinfast/temp_repo/laravel/resources/js/external-plugins.js
/home/stconrad/verinfast/verinfast/temp_repo/laravel/resources/js/facebook.js

